<?xml version="1.0" encoding="UTF-8"?>
<!-- Generated by org.testng.reporters.JUnitReportReporter -->
<testsuite hostname="SHREE" failures="0" tests="1" name="runner.CucumberRunnerPOMTests" time="63.169" errors="0" timestamp="2024-09-13T10:38:13 IST" skipped="0">
  <testcase classname="runner.CucumberRunnerPOMTests" name="runScenario" time="63.169"/>
</testsuite> <!-- runner.CucumberRunnerPOMTests -->
